2023-11-13 12:48:52.907 [info] Added views:workbench.panel.markers.view in workbench.panel.markers
2023-11-13 12:48:52.907 [info] Added views:workbench.panel.output in workbench.panel.output
2023-11-13 12:48:52.907 [info] Added views:terminal in terminal
2023-11-13 12:48:52.907 [info] Added views:outline in workbench.view.explorer
2023-11-13 12:48:52.907 [info] Added views:workbench.scm in workbench.view.scm
2023-11-13 12:48:52.907 [info] Added views:workbench.view.search in workbench.view.search
2023-11-13 12:48:52.907 [info] Added views:timeline in workbench.view.explorer
2023-11-13 12:48:52.907 [info] Added views:workbench.explorer.fileView in workbench.view.explorer
2023-11-13 12:48:54.246 [info] Added views:workbench.debug.welcome in workbench.view.debug
2023-11-13 12:48:54.262 [info] Added views:workbench.panel.repl.view in workbench.panel.repl
2023-11-13 12:48:54.950 [info] Added views:~remote.forwardedPorts in ~remote.forwardedPortsContainer
2023-11-13 12:49:55.207 [info] Added views:workbench.explorer.emptyView in workbench.view.explorer
2023-11-13 12:49:55.213 [info] Removed views:workbench.explorer.fileView from workbench.view.explorer
2023-11-13 12:49:58.482 [info] Added views:workbench.panel.markers.view in workbench.panel.markers
2023-11-13 12:49:58.482 [info] Added views:workbench.panel.output in workbench.panel.output
2023-11-13 12:49:58.482 [info] Added views:terminal in terminal
2023-11-13 12:49:58.482 [info] Added views:outline in workbench.view.explorer
2023-11-13 12:49:58.482 [info] Added views:workbench.scm in workbench.view.scm
2023-11-13 12:49:58.482 [info] Added views:workbench.view.search in workbench.view.search
2023-11-13 12:49:58.482 [info] Added views:timeline in workbench.view.explorer
2023-11-13 12:49:58.482 [info] Added views:workbench.explorer.fileView in workbench.view.explorer
2023-11-13 12:49:58.629 [info] Added views:workbench.debug.variablesView,workbench.debug.watchExpressionsView,workbench.debug.callStackView,workbench.debug.breakPointsView in workbench.view.debug
2023-11-13 12:49:58.649 [info] Added views:~remote.forwardedPorts in ~remote.forwardedPortsContainer
2023-11-13 12:49:58.814 [info] Added views:workbench.panel.repl.view in workbench.panel.repl
2023-11-13 12:49:58.815 [info] Removed views:workbench.debug.breakPointsView,workbench.debug.callStackView,workbench.debug.watchExpressionsView,workbench.debug.variablesView from workbench.view.debug
2023-11-13 12:49:58.815 [info] Added views:workbench.debug.welcome in workbench.view.debug
