2023-11-13 14:10:04.955 [debug] Starting VS Code
2023-11-13 14:10:04.955 [debug] from: /usr/lib/code
2023-11-13 14:10:04.955 [debug] args: {"_":[],"diff":false,"merge":false,"add":false,"goto":false,"new-window":false,"reuse-window":false,"wait":false,"help":false,"list-extensions":false,"show-versions":false,"pre-release":false,"version":false,"verbose":false,"log":["debug","debug"],"status":false,"prof-startup":false,"no-cached-data":false,"prof-v8-extensions":false,"disable-extensions":false,"disable-gpu":false,"disable-chromium-sandbox":false,"ms-enable-electron-run-as-node":false,"telemetry":false,"debugRenderer":false,"enable-smoke-test-driver":false,"logExtensionHostCommunication":false,"skip-release-notes":false,"skip-welcome":false,"disable-telemetry":false,"disable-updates":false,"use-inmemory-secretstorage":false,"disable-workspace-trust":false,"disable-crash-reporter":false,"skip-add-to-recently-opened":false,"unity-launch":false,"open-url":false,"file-write":false,"file-chmod":false,"force":false,"do-not-sync":false,"trace":false,"force-user-env":false,"force-disable-user-env":false,"open-devtools":false,"disable-gpu-sandbox":false,"__enable-file-policy":false,"enable-coi":false,"no-proxy-server":false,"no-sandbox":false,"nolazy":false,"force-renderer-accessibility":false,"ignore-certificate-errors":false,"allow-insecure-localhost":false,"disable-dev-shm-usage":false,"profile-temp":false,"logsPath":"/home/joseph/.config/Code - OSS/logs/20231113T141004"}
2023-11-13 14:10:04.983 [info] update#setState disabled
2023-11-13 14:10:04.983 [info] update#ctor - updates are disabled as there is no update URL
2023-11-13 14:10:06.144 [debug] Terminal profile not validated zsh ["zsh"]
2023-11-13 14:10:06.144 [debug] Terminal profile not validated fish ["fish"]
2023-11-13 14:10:06.144 [debug] Terminal profile not validated tmux ["tmux"]
2023-11-13 14:10:06.144 [debug] Terminal profile not validated pwsh ["pwsh"]
2023-11-13 14:10:40.571 [info] Extension host with pid 21204 exited with code: 0, signal: unknown.
2023-11-13 14:10:40.584 [error] [UtilityProcessWorker]: terminated unexpectedly with code 15, signal: unknown
2023-11-13 14:10:40.584 [error] [UtilityProcess id: 1, type: fileWatcher, pid: 21177]: crashed with code 15 and reason 'killed'
2023-11-13 14:10:41.296 [debug] Terminal profile not validated zsh ["zsh"]
2023-11-13 14:10:41.296 [debug] Terminal profile not validated fish ["fish"]
2023-11-13 14:10:41.296 [debug] Terminal profile not validated tmux ["tmux"]
2023-11-13 14:10:41.297 [debug] Terminal profile not validated pwsh ["pwsh"]
2023-11-13 14:38:16.197 [debug] User data changed
2023-11-13 14:38:16.279 [debug] User data changed
2023-11-13 14:38:16.381 [debug] User data changed
2023-11-13 14:38:16.382 [debug] User data changed
2023-11-13 14:38:20.281 [debug] User data changed
2023-11-13 14:38:20.323 [debug] User data changed
2023-11-13 14:38:20.425 [debug] User data changed
2023-11-13 14:38:20.426 [debug] User data changed
2023-11-13 14:38:32.113 [info] Extension host with pid 23204 exited with code: 0, signal: unknown.
2023-11-13 14:38:32.123 [error] [UtilityProcess id: 1, type: fileWatcher, pid: 23192]: crashed with code 15 and reason 'killed'
