2023-11-13 15:50:22.568 [info] Log level: Info
2023-11-13 15:50:22.568 [info] Validating found git in: "git"
2023-11-13 15:50:22.568 [info] Using git "2.42.1" from "git"
2023-11-13 15:50:22.568 [info] > git rev-parse --show-toplevel [4ms]
2023-11-13 15:50:22.568 [info] fatal: not a git repository (or any of the parent directories): .git
2023-11-13 15:50:22.568 [info] > git rev-parse --show-toplevel [20ms]
2023-11-13 15:50:22.568 [info] fatal: not a git repository (or any of the parent directories): .git
2023-11-13 15:50:22.568 [info] > git rev-parse --show-toplevel [1ms]
2023-11-13 15:50:22.568 [info] fatal: not a git repository (or any of the parent directories): .git
2023-11-13 15:50:22.575 [info] > git rev-parse --show-toplevel [3ms]
2023-11-13 15:50:22.575 [info] fatal: not a git repository (or any of the parent directories): .git
2023-11-13 15:50:22.580 [info] > git rev-parse --show-toplevel [0ms]
2023-11-13 15:50:22.580 [info] fatal: not a git repository (or any of the parent directories): .git
2023-11-13 15:50:22.584 [info] > git rev-parse --show-toplevel [1ms]
2023-11-13 15:50:22.584 [info] fatal: not a git repository (or any of the parent directories): .git
2023-11-13 15:50:22.588 [info] > git rev-parse --show-toplevel [0ms]
2023-11-13 15:50:22.588 [info] fatal: not a git repository (or any of the parent directories): .git
2023-11-13 15:50:22.592 [info] > git rev-parse --show-toplevel [1ms]
2023-11-13 15:50:22.592 [info] fatal: not a git repository (or any of the parent directories): .git
2023-11-13 15:50:22.595 [info] > git rev-parse --show-toplevel [0ms]
2023-11-13 15:50:22.595 [info] fatal: not a git repository (or any of the parent directories): .git
2023-11-13 15:50:22.599 [info] > git rev-parse --show-toplevel [0ms]
2023-11-13 15:50:22.599 [info] fatal: not a git repository (or any of the parent directories): .git
2023-11-13 15:50:22.603 [info] > git rev-parse --show-toplevel [1ms]
2023-11-13 15:50:22.603 [info] fatal: not a git repository (or any of the parent directories): .git
2023-11-13 15:50:22.606 [info] > git rev-parse --show-toplevel [0ms]
2023-11-13 15:50:22.606 [info] fatal: not a git repository (or any of the parent directories): .git
2023-11-13 15:50:22.609 [info] > git rev-parse --show-toplevel [0ms]
2023-11-13 15:50:22.610 [info] fatal: not a git repository (or any of the parent directories): .git
2023-11-13 15:50:22.613 [info] > git rev-parse --show-toplevel [1ms]
2023-11-13 15:50:22.613 [info] fatal: not a git repository (or any of the parent directories): .git
2023-11-13 15:50:22.616 [info] > git rev-parse --show-toplevel [1ms]
2023-11-13 15:50:22.616 [info] fatal: not a git repository (or any of the parent directories): .git
2023-11-13 15:50:22.619 [info] > git rev-parse --show-toplevel [0ms]
2023-11-13 15:50:22.619 [info] fatal: not a git repository (or any of the parent directories): .git
2023-11-13 15:50:22.623 [info] > git rev-parse --show-toplevel [1ms]
2023-11-13 15:50:22.623 [info] fatal: not a git repository (or any of the parent directories): .git
2023-11-13 15:50:22.626 [info] > git rev-parse --show-toplevel [0ms]
2023-11-13 15:50:22.627 [info] fatal: not a git repository (or any of the parent directories): .git
2023-11-13 15:50:22.630 [info] > git rev-parse --show-toplevel [0ms]
2023-11-13 15:50:22.630 [info] fatal: not a git repository (or any of the parent directories): .git
2023-11-13 15:50:22.634 [info] > git rev-parse --show-toplevel [1ms]
2023-11-13 15:50:22.634 [info] fatal: not a git repository (or any of the parent directories): .git
2023-11-13 15:50:22.637 [info] > git rev-parse --show-toplevel [0ms]
2023-11-13 15:50:22.638 [info] fatal: not a git repository (or any of the parent directories): .git
2023-11-13 15:50:22.704 [info] > git rev-parse --show-toplevel [0ms]
2023-11-13 15:50:22.704 [info] fatal: not a git repository (or any of the parent directories): .git
