2023-11-13 14:10:06.040 [debug] Using cached extensions scan result vscode-userdata:/home/joseph/.vscode-oss/extensions/extensions.json
2023-11-13 14:10:06.047 [debug] Using cached extensions scan result file:///usr/lib/code/extensions
2023-11-13 14:10:06.050 [debug] ComputeTargetPlatform: linux-x64
2023-11-13 14:10:06.248 [debug] [Registering Log Channel] File does not exist. Waiting for 1s to retry. file:///home/joseph/.config/Code%20-%20OSS/logs/20231113T141004/window1/notebook.rendering.log
2023-11-13 14:10:06.262 [debug] [Registering Log Channel] File does not exist. Waiting for 1s to retry. file:///home/joseph/.config/Code%20-%20OSS/logs/20231113T141004/editSessions.log
2023-11-13 14:10:06.301 [debug] [Registering Log Channel] File does not exist. Waiting for 1s to retry. file:///home/joseph/.config/Code%20-%20OSS/logs/20231113T141004/window1/exthost/exthost.log
2023-11-13 14:10:06.450 [debug] [Registering Log Channel] File does not exist. Waiting for 1s to retry. file:///home/joseph/.config/Code%20-%20OSS/logs/20231113T141004/window1/exthost/vscode.git/Git.log
2023-11-13 14:10:06.452 [debug] [Registering Log Channel] File does not exist. Waiting for 1s to retry. file:///home/joseph/.config/Code%20-%20OSS/logs/20231113T141004/window1/exthost/vscode.github/GitHub.log
2023-11-13 14:10:09.223 [info] [perf] Render performance baseline is 25ms
2023-11-13 14:10:10.272 [debug] Comments: URIs of continue on comments to add to storage .
2023-11-13 14:10:17.779 [debug] Comments: URIs of continue on comments to add to storage .
2023-11-13 14:10:18.484 [debug] Comments: URIs of continue on comments to add to storage .
2023-11-13 14:10:19.381 [debug] Comments: URIs of continue on comments to add to storage .
2023-11-13 14:10:27.700 [debug] Comments: URIs of continue on comments to add to storage .
2023-11-13 14:10:40.561 [debug] Comments: URIs of continue on comments to add to storage .
2023-11-13 14:10:41.207 [debug] Using cached extensions scan result vscode-userdata:/home/joseph/.vscode-oss/extensions/extensions.json
2023-11-13 14:10:41.217 [debug] Using cached extensions scan result file:///usr/lib/code/extensions
2023-11-13 14:10:41.219 [debug] ComputeTargetPlatform: linux-x64
2023-11-13 14:10:41.825 [debug] User data changed
2023-11-13 14:10:42.053 [debug] User data changed
2023-11-13 14:10:42.235 [debug] User data changed
2023-11-13 14:10:42.875 [debug] User data changed
2023-11-13 14:10:43.006 [debug] User data changed
2023-11-13 14:10:44.087 [info] [perf] Render performance baseline is 63ms
2023-11-13 14:10:48.694 [debug] User data changed
2023-11-13 14:10:48.864 [debug] User data changed
2023-11-13 14:10:49.510 [debug] [DEBOUNCE: Folding] is disabled in developed mode
2023-11-13 14:10:49.531 [debug] [DEBOUNCE: DocumentSemanticTokens] is disabled in developed mode
2023-11-13 14:10:49.545 [debug] [DEBOUNCE: Document Colors] is disabled in developed mode
2023-11-13 14:10:49.600 [debug] [DEBOUNCE: DocumentRangeSemanticTokens] is disabled in developed mode
2023-11-13 14:10:49.600 [debug] [DEBOUNCE: Linked Editing] is disabled in developed mode
2023-11-13 14:10:49.601 [debug] [DEBOUNCE: Links] is disabled in developed mode
2023-11-13 14:10:49.601 [debug] [DEBOUNCE: CodeLensProvide] is disabled in developed mode
2023-11-13 14:10:49.603 [debug] [DEBOUNCE: InlayHint] is disabled in developed mode
2023-11-13 14:10:49.673 [debug] [DEBOUNCE: InlineValues] is disabled in developed mode
2023-11-13 14:10:49.676 [debug] [DEBOUNCE: InlineCompletionsDebounce] is disabled in developed mode
2023-11-13 14:10:49.682 [debug] [DEBOUNCE: DocumentSymbols] is disabled in developed mode
2023-11-13 14:10:49.887 [debug] User data changed
2023-11-13 14:10:50.131 [debug] User data changed
2023-11-13 14:10:52.738 [debug] User data changed
2023-11-13 14:10:52.867 [debug] User data changed
2023-11-13 14:10:57.803 [debug] User data changed
2023-11-13 14:10:57.881 [debug] User data changed
2023-11-13 14:11:01.565 [debug] User data changed
2023-11-13 14:11:01.694 [debug] User data changed
2023-11-13 14:11:03.828 [debug] User data changed
2023-11-13 14:11:03.957 [debug] User data changed
2023-11-13 14:11:05.397 [debug] User data changed
2023-11-13 14:11:10.424 [debug] User data changed
2023-11-13 14:11:10.558 [debug] User data changed
2023-11-13 14:11:20.025 [debug] User data changed
2023-11-13 14:11:21.375 [debug] User data changed
2023-11-13 14:11:21.505 [debug] User data changed
2023-11-13 14:11:22.475 [debug] suggest.durations.json {"entries":[{"providerName":"snippetCompletions","elapsedProvider":0.5,"elapsedOverall":0.7000000001862645},{"providerName":"wordbasedCompletions","elapsedProvider":0.19999999925494194,"elapsedOverall":0.7999999998137355}],"elapsed":1.199999999254942}
2023-11-13 14:11:39.873 [debug] User data changed
2023-11-13 14:11:40.037 [debug] User data changed
2023-11-13 14:11:41.073 [debug] Comments: URIs of continue on comments to add to storage .
2023-11-13 14:11:41.407 [debug] User data changed
2023-11-13 14:11:41.580 [debug] User data changed
2023-11-13 14:11:41.709 [debug] User data changed
2023-11-13 14:12:21.434 [debug] User data changed
2023-11-13 14:12:30.067 [debug] User data changed
2023-11-13 14:12:30.197 [debug] User data changed
2023-11-13 14:12:30.898 [debug] User data changed
2023-11-13 14:12:31.028 [debug] User data changed
2023-11-13 14:12:34.256 [debug] User data changed
2023-11-13 14:12:34.385 [debug] User data changed
2023-11-13 14:12:41.077 [debug] Comments: URIs of continue on comments to add to storage .
2023-11-13 14:12:41.434 [debug] User data changed
2023-11-13 14:12:41.571 [debug] User data changed
2023-11-13 14:12:50.003 [debug] User data changed
2023-11-13 14:12:51.905 [debug] User data changed
2023-11-13 14:12:52.035 [debug] User data changed
2023-11-13 14:12:58.310 [debug] User data changed
2023-11-13 14:13:00.113 [debug] User data changed
2023-11-13 14:13:00.243 [debug] User data changed
2023-11-13 14:13:09.386 [debug] User data changed
2023-11-13 14:13:18.043 [debug] User data changed
2023-11-13 14:13:18.172 [debug] User data changed
2023-11-13 14:13:41.113 [debug] Comments: URIs of continue on comments to add to storage .
2023-11-13 14:13:41.501 [debug] User data changed
2023-11-13 14:13:59.473 [debug] Comments: URIs of continue on comments to add to storage .
2023-11-13 14:13:59.700 [debug] User data changed
2023-11-13 14:13:59.912 [debug] User data changed
2023-11-13 14:14:41.117 [debug] Comments: URIs of continue on comments to add to storage .
2023-11-13 14:14:43.328 [debug] Comments: URIs of continue on comments to add to storage .
2023-11-13 14:14:43.570 [debug] Comments: URIs of continue on comments to add to storage .
2023-11-13 14:15:27.052 [debug] Comments: URIs of continue on comments to add to storage .
2023-11-13 14:15:29.100 [debug] Comments: URIs of continue on comments to add to storage .
2023-11-13 14:15:31.799 [debug] Comments: URIs of continue on comments to add to storage .
2023-11-13 14:15:32.317 [debug] Comments: URIs of continue on comments to add to storage .
2023-11-13 14:15:32.741 [debug] User data changed
2023-11-13 14:15:41.148 [debug] Comments: URIs of continue on comments to add to storage .
2023-11-13 14:15:44.581 [debug] Comments: URIs of continue on comments to add to storage .
2023-11-13 14:15:45.986 [debug] Comments: URIs of continue on comments to add to storage .
2023-11-13 14:16:06.216 [debug] Comments: URIs of continue on comments to add to storage .
2023-11-13 14:16:28.600 [debug] Comments: URIs of continue on comments to add to storage .
2023-11-13 14:16:28.927 [debug] User data changed
2023-11-13 14:16:29.055 [debug] User data changed
2023-11-13 14:16:41.180 [debug] Comments: URIs of continue on comments to add to storage .
2023-11-13 14:17:41.247 [debug] Comments: URIs of continue on comments to add to storage .
2023-11-13 14:18:41.278 [debug] Comments: URIs of continue on comments to add to storage .
2023-11-13 14:19:41.308 [debug] Comments: URIs of continue on comments to add to storage .
2023-11-13 14:20:41.338 [debug] Comments: URIs of continue on comments to add to storage .
2023-11-13 14:21:41.369 [debug] Comments: URIs of continue on comments to add to storage .
2023-11-13 14:22:00.105 [debug] Comments: URIs of continue on comments to add to storage .
2023-11-13 14:22:26.345 [debug] Comments: URIs of continue on comments to add to storage .
2023-11-13 14:22:27.068 [debug] Comments: URIs of continue on comments to add to storage .
2023-11-13 14:22:32.998 [debug] Comments: URIs of continue on comments to add to storage .
2023-11-13 14:22:34.053 [debug] Comments: URIs of continue on comments to add to storage .
2023-11-13 14:22:41.399 [debug] Comments: URIs of continue on comments to add to storage .
2023-11-13 14:23:02.337 [debug] Comments: URIs of continue on comments to add to storage .
2023-11-13 14:23:13.459 [debug] Comments: URIs of continue on comments to add to storage .
2023-11-13 14:23:28.227 [debug] Comments: URIs of continue on comments to add to storage .
2023-11-13 14:23:41.230 [debug] Comments: URIs of continue on comments to add to storage .
2023-11-13 14:23:41.427 [debug] Comments: URIs of continue on comments to add to storage .
2023-11-13 14:23:50.992 [debug] Comments: URIs of continue on comments to add to storage .
2023-11-13 14:23:51.316 [debug] Comments: URIs of continue on comments to add to storage .
2023-11-13 14:24:11.412 [debug] Comments: URIs of continue on comments to add to storage .
2023-11-13 14:24:41.429 [debug] Comments: URIs of continue on comments to add to storage .
2023-11-13 14:25:20.611 [debug] Comments: URIs of continue on comments to add to storage .
2023-11-13 14:25:22.961 [debug] User data changed
2023-11-13 14:25:23.112 [debug] User data changed
2023-11-13 14:25:24.674 [debug] User data changed
2023-11-13 14:25:24.815 [debug] User data changed
2023-11-13 14:25:37.398 [debug] suggest.durations.json {"entries":[{"providerName":"snippetCompletions","elapsedProvider":0.39999999944120646,"elapsedOverall":0.39999999944120646},{"providerName":"wordbasedCompletions","elapsedProvider":1.6000000005587935,"elapsedOverall":5.7999999998137355}],"elapsed":6.1000000005587935}
2023-11-13 14:25:41.461 [debug] Comments: URIs of continue on comments to add to storage .
2023-11-13 14:25:41.893 [debug] User data changed
2023-11-13 14:25:46.174 [debug] Comments: URIs of continue on comments to add to storage .
2023-11-13 14:25:46.502 [debug] User data changed
2023-11-13 14:25:46.628 [debug] User data changed
2023-11-13 14:25:57.891 [debug] Comments: URIs of continue on comments to add to storage .
2023-11-13 14:26:01.321 [debug] Comments: URIs of continue on comments to add to storage .
2023-11-13 14:26:01.648 [debug] User data changed
2023-11-13 14:26:01.888 [debug] User data changed
2023-11-13 14:26:06.837 [debug] AccessibleNotificationService alerting:  Saved
2023-11-13 14:26:06.971 [debug] User data changed
2023-11-13 14:26:07.052 [debug] Comments: URIs of continue on comments to add to storage .
2023-11-13 14:26:07.455 [debug] User data changed
2023-11-13 14:26:28.228 [debug] User data changed
2023-11-13 14:26:28.362 [debug] User data changed
2023-11-13 14:26:41.471 [debug] Comments: URIs of continue on comments to add to storage .
2023-11-13 14:26:41.850 [debug] User data changed
2023-11-13 14:27:04.832 [debug] Comments: URIs of continue on comments to add to storage .
2023-11-13 14:27:05.160 [debug] User data changed
2023-11-13 14:27:05.189 [debug] Comments: URIs of continue on comments to add to storage .
2023-11-13 14:27:05.315 [debug] User data changed
2023-11-13 14:27:06.740 [debug] _performFileEdits [{"oldResource":{"$mid":1,"fsPath":"/home/joseph/.config/mako/everforest","external":"file:///home/joseph/.config/mako/everforest","path":"/home/joseph/.config/mako/everforest","scheme":"file"},"options":{"recursive":true,"folder":false,"ignoreIfNotExists":false,"skipTrashBin":false,"maxSize":5000000}}]
2023-11-13 14:27:07.257 [debug] Comments: URIs of continue on comments to add to storage .
2023-11-13 14:27:07.677 [debug] User data changed
2023-11-13 14:27:17.566 [debug] AccessibleNotificationService alerting:  Saved
2023-11-13 14:27:17.699 [debug] User data changed
2023-11-13 14:27:18.013 [debug] Comments: URIs of continue on comments to add to storage .
2023-11-13 14:27:28.535 [debug] Comments: URIs of continue on comments to add to storage .
2023-11-13 14:27:35.210 [debug] Comments: URIs of continue on comments to add to storage .
2023-11-13 14:27:41.473 [debug] Comments: URIs of continue on comments to add to storage .
2023-11-13 14:27:54.383 [debug] AccessibleNotificationService alerting:  Saved
2023-11-13 14:27:54.453 [debug] User data changed
2023-11-13 14:27:54.648 [debug] Comments: URIs of continue on comments to add to storage .
2023-11-13 14:27:55.066 [debug] User data changed
2023-11-13 14:28:09.001 [debug] AccessibleNotificationService alerting:  Saved
2023-11-13 14:28:09.161 [debug] User data changed
2023-11-13 14:28:09.798 [debug] Comments: URIs of continue on comments to add to storage .
2023-11-13 14:28:10.199 [debug] User data changed
2023-11-13 14:28:13.317 [debug] AccessibleNotificationService alerting:  Saved
2023-11-13 14:28:13.710 [debug] Comments: URIs of continue on comments to add to storage .
2023-11-13 14:28:28.566 [debug] AccessibleNotificationService alerting:  Saved
2023-11-13 14:28:28.692 [debug] User data changed
2023-11-13 14:28:29.043 [debug] Comments: URIs of continue on comments to add to storage .
2023-11-13 14:28:36.060 [debug] AccessibleNotificationService alerting:  Saved
2023-11-13 14:28:36.191 [debug] User data changed
2023-11-13 14:28:36.745 [debug] Comments: URIs of continue on comments to add to storage .
2023-11-13 14:28:41.504 [debug] Comments: URIs of continue on comments to add to storage .
2023-11-13 14:28:44.246 [debug] AccessibleNotificationService alerting:  Saved
2023-11-13 14:28:44.428 [debug] User data changed
2023-11-13 14:28:44.841 [debug] Comments: URIs of continue on comments to add to storage .
2023-11-13 14:28:45.168 [debug] User data changed
2023-11-13 14:28:45.294 [debug] User data changed
2023-11-13 14:28:50.269 [debug] AccessibleNotificationService alerting:  Saved
2023-11-13 14:28:50.402 [debug] User data changed
2023-11-13 14:28:50.694 [debug] Comments: URIs of continue on comments to add to storage .
2023-11-13 14:28:51.021 [debug] User data changed
2023-11-13 14:28:51.148 [debug] User data changed
2023-11-13 14:29:07.406 [debug] Comments: URIs of continue on comments to add to storage .
2023-11-13 14:29:41.535 [debug] Comments: URIs of continue on comments to add to storage .
2023-11-13 14:30:41.567 [debug] Comments: URIs of continue on comments to add to storage .
2023-11-13 14:31:06.970 [debug] User data changed
2023-11-13 14:31:41.597 [debug] Comments: URIs of continue on comments to add to storage .
2023-11-13 14:32:41.626 [debug] Comments: URIs of continue on comments to add to storage .
2023-11-13 14:32:42.114 [debug] User data changed
2023-11-13 14:32:52.499 [debug] AccessibleNotificationService alerting:  Saved
2023-11-13 14:32:52.654 [debug] User data changed
2023-11-13 14:32:53.051 [debug] Comments: URIs of continue on comments to add to storage .
2023-11-13 14:32:53.485 [debug] User data changed
2023-11-13 14:32:57.245 [debug] Comments: URIs of continue on comments to add to storage .
2023-11-13 14:33:07.700 [debug] Comments: URIs of continue on comments to add to storage .
2023-11-13 14:33:08.168 [debug] User data changed
2023-11-13 14:33:10.436 [debug] User data changed
2023-11-13 14:33:10.586 [debug] User data changed
2023-11-13 14:33:15.476 [debug] User data changed
2023-11-13 14:33:15.646 [debug] User data changed
2023-11-13 14:33:17.148 [debug] User data changed
2023-11-13 14:33:17.383 [debug] User data changed
2023-11-13 14:33:37.298 [debug] AccessibleNotificationService alerting:  Saved
2023-11-13 14:33:37.432 [debug] User data changed
2023-11-13 14:33:38.562 [debug] Comments: URIs of continue on comments to add to storage .
2023-11-13 14:33:38.991 [debug] User data changed
2023-11-13 14:33:39.873 [debug] Comments: URIs of continue on comments to add to storage .
2023-11-13 14:33:41.693 [debug] Comments: URIs of continue on comments to add to storage .
2023-11-13 14:33:47.153 [debug] User data changed
2023-11-13 14:33:47.374 [debug] User data changed
2023-11-13 14:34:14.340 [debug] AccessibleNotificationService alerting:  Saved
2023-11-13 14:34:14.470 [debug] User data changed
2023-11-13 14:34:14.681 [debug] Comments: URIs of continue on comments to add to storage .
2023-11-13 14:34:15.008 [debug] User data changed
2023-11-13 14:34:15.134 [debug] User data changed
2023-11-13 14:34:15.414 [debug] Comments: URIs of continue on comments to add to storage .
2023-11-13 14:34:19.903 [debug] User data changed
2023-11-13 14:34:20.067 [debug] User data changed
2023-11-13 14:34:21.066 [debug] User data changed
2023-11-13 14:34:21.259 [debug] User data changed
2023-11-13 14:34:29.405 [debug] User data changed
2023-11-13 14:34:29.551 [debug] User data changed
2023-11-13 14:34:41.721 [debug] Comments: URIs of continue on comments to add to storage .
2023-11-13 14:34:42.098 [debug] User data changed
2023-11-13 14:34:46.424 [debug] Comments: URIs of continue on comments to add to storage .
2023-11-13 14:34:46.821 [debug] User data changed
2023-11-13 14:35:41.724 [debug] Comments: URIs of continue on comments to add to storage .
2023-11-13 14:35:49.874 [debug] Comments: URIs of continue on comments to add to storage .
2023-11-13 14:36:41.725 [debug] Comments: URIs of continue on comments to add to storage .
2023-11-13 14:37:15.200 [debug] Comments: URIs of continue on comments to add to storage .
2023-11-13 14:37:15.555 [debug] User data changed
2023-11-13 14:37:15.695 [debug] User data changed
2023-11-13 14:37:29.812 [debug] Comments: URIs of continue on comments to add to storage .
2023-11-13 14:37:30.266 [debug] User data changed
2023-11-13 14:37:41.725 [debug] Comments: URIs of continue on comments to add to storage .
2023-11-13 14:37:52.610 [debug] User data changed
2023-11-13 14:38:02.144 [debug] User data changed
2023-11-13 14:38:02.273 [debug] User data changed
2023-11-13 14:38:03.485 [debug] suggest.durations.json {"entries":[{"providerName":"suggestEnabledInput/workbench.editor.settings2.searchbox","elapsedProvider":-1,"elapsedOverall":0}],"elapsed":0.09999999962747097}
2023-11-13 14:38:16.195 [debug] User data changed
2023-11-13 14:38:16.198 [debug] User data changed
2023-11-13 14:38:16.212 [debug] AccessibleNotificationService alerting:  Saved
2023-11-13 14:38:16.220 [debug] Configuration keys changed in USER target editor.fontFamily
2023-11-13 14:38:16.281 [debug] User data changed
2023-11-13 14:38:16.384 [debug] User data changed
2023-11-13 14:38:16.386 [debug] User data changed
2023-11-13 14:38:16.410 [debug] User data changed
2023-11-13 14:38:20.248 [debug] AccessibleNotificationService alerting:  Saved
2023-11-13 14:38:20.253 [debug] Configuration keys changed in USER target editor.fontFamily
2023-11-13 14:38:20.282 [debug] User data changed
2023-11-13 14:38:20.282 [debug] User data changed
2023-11-13 14:38:20.325 [debug] User data changed
2023-11-13 14:38:20.427 [debug] User data changed
2023-11-13 14:38:20.434 [debug] User data changed
2023-11-13 14:38:20.456 [debug] User data changed
2023-11-13 14:38:26.493 [debug] User data changed
2023-11-13 14:38:26.698 [debug] User data changed
2023-11-13 14:38:26.831 [debug] User data changed
2023-11-13 14:38:31.995 [debug] Comments: URIs of continue on comments to add to storage .
