2023-11-13 12:48:54.811 [info] Log level: Info
2023-11-13 12:48:54.811 [info] Validating found git in: "git"
2023-11-13 12:48:54.991 [info] Using git "2.42.1" from "git"
2023-11-13 12:48:55.005 [info] > git rev-parse --show-toplevel [6ms]
2023-11-13 12:48:55.005 [info] fatal: not a git repository (or any of the parent directories): .git
2023-11-13 12:48:55.009 [info] > git rev-parse --show-toplevel [1ms]
2023-11-13 12:48:55.009 [info] fatal: not a git repository (or any of the parent directories): .git
2023-11-13 12:48:55.013 [info] > git rev-parse --show-toplevel [0ms]
2023-11-13 12:48:55.013 [info] fatal: not a git repository (or any of the parent directories): .git
2023-11-13 12:48:55.055 [info] > git rev-parse --show-toplevel [40ms]
2023-11-13 12:48:55.055 [info] fatal: not a git repository (or any of the parent directories): .git
2023-11-13 12:48:55.058 [info] > git rev-parse --show-toplevel [1ms]
2023-11-13 12:48:55.058 [info] fatal: not a git repository (or any of the parent directories): .git
2023-11-13 12:48:55.131 [info] > git rev-parse --show-toplevel [70ms]
2023-11-13 12:48:55.131 [info] fatal: not a git repository (or any of the parent directories): .git
2023-11-13 12:48:55.181 [info] > git rev-parse --show-toplevel [46ms]
2023-11-13 12:48:55.181 [info] fatal: not a git repository (or any of the parent directories): .git
2023-11-13 12:48:55.184 [info] > git rev-parse --show-toplevel [1ms]
2023-11-13 12:48:55.184 [info] fatal: not a git repository (or any of the parent directories): .git
2023-11-13 12:48:55.187 [info] > git rev-parse --show-toplevel [1ms]
2023-11-13 12:48:55.187 [info] fatal: not a git repository (or any of the parent directories): .git
2023-11-13 12:48:55.644 [info] > git rev-parse --show-toplevel [248ms]
2023-11-13 12:48:55.644 [info] fatal: not a git repository (or any of the parent directories): .git
2023-11-13 12:48:55.657 [info] > git rev-parse --show-toplevel [1ms]
2023-11-13 12:48:55.657 [info] fatal: not a git repository (or any of the parent directories): .git
2023-11-13 12:48:55.662 [info] > git rev-parse --show-toplevel [1ms]
2023-11-13 12:48:55.662 [info] fatal: not a git repository (or any of the parent directories): .git
2023-11-13 12:48:55.666 [info] > git rev-parse --show-toplevel [1ms]
2023-11-13 12:48:55.666 [info] fatal: not a git repository (or any of the parent directories): .git
2023-11-13 12:48:55.706 [info] > git rev-parse --show-toplevel [37ms]
2023-11-13 12:48:55.706 [info] fatal: not a git repository (or any of the parent directories): .git
2023-11-13 12:48:55.709 [info] > git rev-parse --show-toplevel [0ms]
2023-11-13 12:48:55.709 [info] fatal: not a git repository (or any of the parent directories): .git
2023-11-13 12:48:55.755 [info] > git rev-parse --show-toplevel [43ms]
2023-11-13 12:48:55.755 [info] fatal: not a git repository (or any of the parent directories): .git
2023-11-13 12:48:55.767 [info] > git rev-parse --show-toplevel [0ms]
2023-11-13 12:48:55.767 [info] fatal: not a git repository (or any of the parent directories): .git
2023-11-13 12:48:55.773 [info] > git rev-parse --show-toplevel [4ms]
2023-11-13 12:48:55.773 [info] fatal: not a git repository (or any of the parent directories): .git
2023-11-13 12:48:55.776 [info] > git rev-parse --show-toplevel [0ms]
2023-11-13 12:48:55.776 [info] fatal: not a git repository (or any of the parent directories): .git
2023-11-13 12:48:55.779 [info] > git rev-parse --show-toplevel [0ms]
2023-11-13 12:48:55.779 [info] fatal: not a git repository (or any of the parent directories): .git
2023-11-13 12:48:56.155 [info] > git rev-parse --show-toplevel [1ms]
2023-11-13 12:48:56.155 [info] fatal: not a git repository (or any of the parent directories): .git
2023-11-13 12:49:55.712 [info] Log level: Info
2023-11-13 12:49:55.712 [info] Validating found git in: "git"
2023-11-13 12:49:55.712 [info] Using git "2.42.1" from "git"
2023-11-13 12:49:55.712 [info] > git rev-parse --show-toplevel [4ms]
2023-11-13 12:49:55.712 [info] fatal: not a git repository (or any of the parent directories): .git
2023-11-13 12:50:00.049 [info] Log level: Info
2023-11-13 12:50:00.049 [info] Validating found git in: "git"
2023-11-13 12:50:00.049 [info] Using git "2.42.1" from "git"
2023-11-13 12:50:00.049 [info] > git rev-parse --show-toplevel [5ms]
2023-11-13 12:50:00.049 [info] fatal: not a git repository (or any of the parent directories): .git
2023-11-13 12:50:00.853 [info] > git rev-parse --show-toplevel [0ms]
2023-11-13 12:50:00.853 [info] fatal: not a git repository (or any of the parent directories): .git
2023-11-13 12:58:02.550 [info] > git rev-parse --show-toplevel [1ms]
2023-11-13 12:58:02.556 [info] > git rev-parse --git-dir --git-common-dir [1ms]
2023-11-13 12:58:02.563 [info] Open repository: /home/joseph/.mozilla/firefox/jevq53v8.default-release/chrome
2023-11-13 12:58:02.586 [info] > git config --get commit.template [18ms]
2023-11-13 12:58:02.586 [info] > git for-each-ref --format=%(refname)%00%(upstream:short)%00%(objectname)%00%(upstream:track)%00%(upstream:remotename)%00%(upstream:remoteref) refs/heads/master refs/remotes/master [16ms]
2023-11-13 12:58:02.593 [info] > git status -z -uall [3ms]
2023-11-13 12:58:02.602 [info] > git config --get commit.template [1ms]
2023-11-13 12:58:02.607 [info] > git for-each-ref --format=%(refname)%00%(upstream:short)%00%(objectname)%00%(upstream:track)%00%(upstream:remotename)%00%(upstream:remoteref) refs/heads/master refs/remotes/master [1ms]
2023-11-13 12:58:02.613 [info] > git status -z -uall [3ms]
2023-11-13 12:58:02.989 [info] > git show --textconv :userChrome_example.css [11ms]
2023-11-13 12:58:02.990 [info] > git ls-files --stage -- /home/joseph/.mozilla/firefox/jevq53v8.default-release/chrome/userChrome_example.css [2ms]
2023-11-13 12:58:02.996 [info] > git cat-file -s 93abe417ed41c6a1535fd61f1c33a0ff45c4fe09 [1ms]
2023-11-13 12:58:03.259 [info] > git check-ignore -v -z --stdin [1ms]
2023-11-13 13:01:40.473 [info] > git check-ignore -v -z --stdin [2ms]
